<?xml version="1.0" encoding="utf-8"?><testsuites name="pytest tests"><testsuite name="pytest" errors="0" failures="0" skipped="0" tests="11" time="3.729" timestamp="2026-09-06T11:41:05.679493-07:00" hostname="Fire-Starter"><testcase classname="python.bonsai-reference.tests.test_option_adapter" name="test_two_live_children_learn_and_execute_options_with_separate_rewards[True-respecting]" time="0.562" /><testcase classname="python.bonsai-reference.tests.test_option_adapter" name="test_two_live_children_learn_and_execute_options_with_separate_rewards[False-respecting]" time="0.610" /><testcase classname="python.bonsai-reference.tests.test_option_adapter" name="test_two_live_children_learn_and_execute_options_with_separate_rewards[True-oblivious]" time="0.582" /><testcase classname="python.bonsai-reference.tests.test_option_adapter" name="test_live_option_admission_refuses_unapproved_work_and_reaps[missing_grant]" time="0.227" /><testcase classname="python.bonsai-reference.tests.test_option_adapter" name="test_live_option_admission_refuses_unapproved_work_and_reaps[wrong_grant]" time="0.214" /><testcase classname="python.bonsai-reference.tests.test_option_adapter" name="test_live_option_admission_refuses_unapproved_work_and_reaps[memory_denial]" time="0.209" /><testcase classname="python.bonsai-reference.tests.test_option_adapter" name="test_live_option_feedback_rejects_contradictory_causality_and_reaps[action]" time="0.218" /><testcase classname="python.bonsai-reference.tests.test_option_adapter" name="test_live_option_feedback_rejects_contradictory_causality_and_reaps[stream]" time="0.222" /><testcase classname="python.bonsai-reference.tests.test_option_adapter" name="test_live_option_feedback_rejects_contradictory_causality_and_reaps[step]" time="0.269" /><testcase classname="python.bonsai-reference.tests.test_option_adapter" name="test_live_option_feedback_rejects_contradictory_causality_and_reaps[hash]" time="0.250" /><testcase classname="python.bonsai-reference.tests.test_option_adapter" name="test_live_option_feedback_rejects_contradictory_causality_and_reaps[actions]" time="0.255" /></testsuite></testsuites>